<?xml version="1.0" encoding="UTF-8"?>
<testsuite xmlns:xsi="http://www.w3.org/2001/XMLSchema-instance" xsi:noNamespaceSchemaLocation="https://maven.apache.org/surefire/maven-surefire-plugin/xsd/surefire-test-report-3.0.xsd" version="3.0" name="com.swaglab.mobile.automation.runner.TestRunner" time="269.85" tests="19" errors="1" skipped="14" failures="1">
  <properties>
[...]
</properties>
  <testcase name="Adicionar um produto ao carrinho" classname="Gerenciamento de itens no carrinho do SwagLabs Mobile" time="48.931">
    <system-out><![CDATA[
@Carrinho @AdicionarProduto
Cenario: Adicionar um produto ao carrinho                                                                  &amp#27;[90m# features/cart.feature:13&amp#27;[0m
  &amp#27;[32mDado &amp#27;[0m&amp#27;[32mque estou logado no aplicativo SwagLabs Mobile com o usuÃ¡rio &amp#27;[0m&amp#27;[32m&amp#27;[1m"standard_user"&amp#27;[0m&amp#27;[32m e senha &amp#27;[0m&amp#27;[32m&amp#27;[1m"secret_sauce"&amp#27;[0m &amp#27;[90m# com.swaglab.mobile.automation.steps.CartSteps.queEstouLogadoNoAplicativoComOUsuarioESenha(java.lang.String,java.lang.String)&amp#27;[0m
  &amp#27;[32mE &amp#27;[0m&amp#27;[32mestou na tela de lista de produtos&amp#27;[0m                                                                     &amp#27;[90m# com.swaglab.mobile.automation.steps.CartSteps.estouNaTelaDeListaDeProdutos()&amp#27;[0m
  &amp#27;[32mQuando &amp#27;[0m&amp#27;[32mtocar no botÃ£o &amp#27;[0m&amp#27;[32m&amp#27;[1m"ADD TO CART"&amp#27;[0m&amp#27;[32m do primeiro produto&amp#27;[0m                                                  &amp#27;[90m# com.swaglab.mobile.automation.steps.CartSteps.tocarNoBotaoDoPrimeiroProduto(java.lang.String)&amp#27;[0m
  &amp#27;[32mEntÃ£o &amp#27;[0m&amp#27;[32mo contador do carrinho deve exibir &amp#27;[0m&amp#27;[32m&amp#27;[1m"1"&amp#27;[0m                                                             &amp#27;[90m# com.swaglab.mobile.automation.steps.CartSteps.oContadorDoCarrinhoDeveExibir(java.lang.String)&amp#27;[0m
  &amp#27;[32mE &amp#27;[0m&amp#27;[32mo botÃ£o do produto deve mudar para &amp#27;[0m&amp#27;[32m&amp#27;[1m"REMOVE"&amp#27;[0m                                                            &amp#27;[90m# com.swaglab.mobile.automation.steps.CartSteps.oBotaoDoProdutoDeveMudarPara(java.lang.String)&amp#27;[0m
]]></system-out>
    <system-err><![CDATA[[main] INFO com.swaglab.mobile.automation.hooks.Hooks - Iniciando cenário: Adicionar um produto ao carrinho
[main] INFO com.swaglab.mobile.automation.core.DriverManager - Driver inicializado com sucesso!
[main] INFO com.swaglab.mobile.automation.utils.ReportUtils - Cenário atual definido: Adicionar um produto ao carrinho
[main] INFO com.swaglab.mobile.automation.steps.CartSteps - Realizando login com usuário: standard_user e senha: secret_sauce
[main] INFO com.swaglab.mobile.automation.pages.LoginPage - Verificando se a página de login está carregada
[main] INFO com.swaglab.mobile.automation.core.BasePage - Elemento está visível: Located by By.chained({AppiumBy.accessibilityId: test-Username})
[main] INFO com.swaglab.mobile.automation.core.BasePage - Elemento está visível: Located by By.chained({AppiumBy.accessibilityId: test-Password})
[main] INFO com.swaglab.mobile.automation.core.BasePage - Elemento está visível: Located by By.chained({AppiumBy.accessibilityId: test-LOGIN})
[main] INFO com.swaglab.mobile.automation.utils.ReportUtils - Screenshot capturado para o cenário 'Adicionar um produto ao carrinho': Tela de login
[main] INFO com.swaglab.mobile.automation.pages.LoginPage - Inserindo nome de usuário: standard_user
[main] INFO com.swaglab.mobile.automation.core.BasePage - Digitou 'standard_user' no elemento: Located by By.chained({AppiumBy.accessibilityId: test-Username})
[main] INFO com.swaglab.mobile.automation.pages.LoginPage - Inserindo senha
[main] INFO com.swaglab.mobile.automation.core.BasePage - Digitou 'secret_sauce' no elemento: Located by By.chained({AppiumBy.accessibilityId: test-Password})
[main] INFO com.swaglab.mobile.automation.pages.LoginPage - Clicando no botão Login
[main] INFO com.swaglab.mobile.automation.core.BasePage - Clicou no elemento: Located by By.chained({AppiumBy.accessibilityId: test-LOGIN})
[main] INFO com.swaglab.mobile.automation.pages.ProductsPage - Verificando se a página de produtos está carregada
[main] INFO com.swaglab.mobile.automation.core.BasePage - Elemento está visível: Located by By.chained({By.xpath: //android.widget.TextView[@text='PRODUCTS']})
[main] INFO com.swaglab.mobile.automation.core.BasePage - Elemento está visível: Located by By.chained({By.xpath: //android.view.ViewGroup[@content-desc='test-Cart']})
[main] INFO com.swaglab.mobile.automation.core.BasePage - Elemento está visível: Located by By.chained({AppiumBy.accessibilityId: test-Menu})
[main] INFO com.swaglab.mobile.automation.utils.ReportUtils - Screenshot capturado para o cenário 'Adicionar um produto ao carrinho': Login realizado com sucesso
[main] INFO com.swaglab.mobile.automation.steps.CartSteps - Verificando se estou na tela de produtos
[main] INFO com.swaglab.mobile.automation.pages.ProductsPage - Verificando se a página de produtos está carregada
[main] INFO com.swaglab.mobile.automation.core.BasePage - Elemento está visível: Located by By.chained({By.xpath: //android.widget.TextView[@text='PRODUCTS']})
[main] INFO com.swaglab.mobile.automation.core.BasePage - Elemento está visível: Located by By.chained({By.xpath: //android.view.ViewGroup[@content-desc='test-Cart']})
[main] INFO com.swaglab.mobile.automation.core.BasePage - Elemento está visível: Located by By.chained({AppiumBy.accessibilityId: test-Menu})
[main] INFO com.swaglab.mobile.automation.utils.ReportUtils - Screenshot capturado para o cenário 'Adicionar um produto ao carrinho': Tela de produtos
[main] INFO com.swaglab.mobile.automation.steps.CartSteps - Tocando no botão ADD TO CART do primeiro produto
[main] INFO com.swaglab.mobile.automation.pages.ProductsPage - Obtendo nome do produto no índice: 0
[main] INFO com.swaglab.mobile.automation.core.BasePage - Texto obtido: 'Sauce Labs Backpack'
[main] INFO com.swaglab.mobile.automation.pages.ProductsPage - Obtendo preço do produto no índice: 0
[main] INFO com.swaglab.mobile.automation.core.BasePage - Texto obtido: '$29.99'
[main] INFO com.swaglab.mobile.automation.steps.CartSteps - Produto selecionado: Sauce Labs Backpack - $29.99
[main] INFO com.swaglab.mobile.automation.pages.ProductsPage - Adicionando produto ao carrinho no índice: 0
[main] INFO com.swaglab.mobile.automation.core.BasePage - Clicou no elemento: [[[[AndroidDriver:  on ANDROID (370580c4-f702-413e-8bb2-24d5ee425382)] -> xpath: //android.view.ViewGroup[@content-desc='test-Item']]] -> xpath: .//android.view.ViewGroup[@content-desc='test-ADD TO CART']]
[main] INFO com.swaglab.mobile.automation.utils.ReportUtils - Screenshot capturado para o cenário 'Adicionar um produto ao carrinho': Após clicar no botão ADD TO CART do primeiro produto
[main] INFO com.swaglab.mobile.automation.steps.CartSteps - Verificando se o contador do carrinho exibe: 1
[main] INFO com.swaglab.mobile.automation.core.BasePage - Elemento está visível: Located by By.chained({By.xpath: //android.view.ViewGroup[@content-desc='test-Cart']/android.view.ViewGroup/android.widget.TextView})
[main] INFO com.swaglab.mobile.automation.core.BasePage - Texto obtido: '1'
[main] INFO com.swaglab.mobile.automation.pages.ProductsPage - Contador do carrinho: 1
[main] INFO com.swaglab.mobile.automation.utils.ReportUtils - Screenshot capturado para o cenário 'Adicionar um produto ao carrinho': Contador do carrinho exibindo: 1
[main] INFO com.swaglab.mobile.automation.steps.CartSteps - Verificando se o botão do produto mudou para: REMOVE
[main] INFO com.swaglab.mobile.automation.pages.ProductsPage - Verificando texto do botão do produto no índice: 0
[main] INFO com.swaglab.mobile.automation.utils.ReportUtils - Screenshot capturado para o cenário 'Adicionar um produto ao carrinho': Botão do produto exibindo: REMOVE
[main] INFO com.swaglab.mobile.automation.hooks.Hooks - Finalizando cenário: Adicionar um produto ao carrinho
[main] INFO com.swaglab.mobile.automation.utils.ReportUtils - Relatório PDF para o cenário 'Adicionar um produto ao carrinho' gerado com sucesso: target/evidence/Adicionar_um_produto_ao_carrinho_2025-05-14_16-53-40.pdf
[main] INFO com.swaglab.mobile.automation.core.DriverManager - Driver finalizado com sucesso!
[main] INFO com.swaglab.mobile.automation.listeners.ReportGenerationListener - Cenário finalizado: Adicionar um produto ao carrinho. Status: PASSED
]]></system-err>
  </testcase>
  <testcase name="Visualizar produtos no carrinho" classname="Gerenciamento de itens no carrinho do SwagLabs Mobile" time="64.593">
    <error message="An element could not be located on the page using the given search parameters.&#10;For documentation on this error, please visit: https://www.selenium.dev/documentation/webdriver/troubleshooting/errors#no-such-element-exception&#10;Build info: version: &apos;4.13.0&apos;, revision: &apos;ba948ece5b*&apos;&#10;System info: os.name: &apos;Windows 10&apos;, os.arch: &apos;amd64&apos;, os.version: &apos;10.0&apos;, java.version: &apos;17&apos;&#10;Driver info: io.appium.java_client.android.AndroidDriver&#10;Command: [17c6aebb-b475-4534-bc2f-8b93959e7c7a, findChildElement {id=00000000-0000-0bf3-ffff-ffff00000099, using=xpath, value=.//android.widget.TextView[@content-desc=&apos;test-Item title&apos;]}]&#10;Capabilities {appium:appActivity: com.swaglabsmobileapp.MainA..., appium:appPackage: com.swaglabsmobileapp, appium:autoGrantPermissions: true, appium:automationName: UiAutomator2, appium:databaseEnabled: false, appium:desired: {appActivity: com.swaglabsmobileapp.MainA..., appPackage: com.swaglabsmobileapp, autoGrantPermissions: true, automationName: UiAutomator2, deviceName: 26a8c447, newCommandTimeout: 60, platformName: ANDROID}, appium:deviceApiLevel: 31, appium:deviceManufacturer: Xiaomi, appium:deviceModel: Redmi Note 9 Pro, appium:deviceName: 26a8c447, appium:deviceScreenDensity: 440, appium:deviceScreenSize: 1080x2400, appium:deviceUDID: 26a8c447, appium:javascriptEnabled: true, appium:locationContextEnabled: false, appium:networkConnectionEnabled: true, appium:newCommandTimeout: 60, appium:pixelRatio: 2.75, appium:platformVersion: 12, appium:statBarHeight: 102, appium:takesScreenshot: true, appium:viewportRect: {height: 2298, left: 0, top: 102, width: 1080}, appium:warnings: {}, appium:webStorageEnabled: false, platformName: ANDROID}&#10;Session ID: 17c6aebb-b475-4534-bc2f-8b93959e7c7a" type="org.openqa.selenium.NoSuchElementException"><![CDATA[org.openqa.selenium.NoSuchElementException: 
An element could not be located on the page using the given search parameters.
For documentation on this error, please visit: https://www.selenium.dev/documentation/webdriver/troubleshooting/errors#no-such-element-exception
Build info: version: '4.13.0', revision: 'ba948ece5b*'
System info: os.name: 'Windows 10', os.arch: 'amd64', os.version: '10.0', java.version: '17'
Driver info: io.appium.java_client.android.AndroidDriver
Command: [17c6aebb-b475-4534-bc2f-8b93959e7c7a, findChildElement {id=00000000-0000-0bf3-ffff-ffff00000099, using=xpath, value=.//android.widget.TextView[@content-desc='test-Item title']}]
Capabilities {appium:appActivity: com.swaglabsmobileapp.MainA..., appium:appPackage: com.swaglabsmobileapp, appium:autoGrantPermissions: true, appium:automationName: UiAutomator2, appium:databaseEnabled: false, appium:desired: {appActivity: com.swaglabsmobileapp.MainA..., appPackage: com.swaglabsmobileapp, autoGrantPermissions: true, automationName: UiAutomator2, deviceName: 26a8c447, newCommandTimeout: 60, platformName: ANDROID}, appium:deviceApiLevel: 31, appium:deviceManufacturer: Xiaomi, appium:deviceModel: Redmi Note 9 Pro, appium:deviceName: 26a8c447, appium:deviceScreenDensity: 440, appium:deviceScreenSize: 1080x2400, appium:deviceUDID: 26a8c447, appium:javascriptEnabled: true, appium:locationContextEnabled: false, appium:networkConnectionEnabled: true, appium:newCommandTimeout: 60, appium:pixelRatio: 2.75, appium:platformVersion: 12, appium:statBarHeight: 102, appium:takesScreenshot: true, appium:viewportRect: {height: 2298, left: 0, top: 102, width: 1080}, appium:warnings: {}, appium:webStorageEnabled: false, platformName: ANDROID}
Session ID: 17c6aebb-b475-4534-bc2f-8b93959e7c7a
	at java.base/jdk.internal.reflect.NativeConstructorAccessorImpl.newInstance0(Native Method)
	at java.base/jdk.internal.reflect.NativeConstructorAccessorImpl.newInstance(NativeConstructorAccessorImpl.java:77)
	at java.base/jdk.internal.reflect.DelegatingConstructorAccessorImpl.newInstance(DelegatingConstructorAccessorImpl.java:45)
	at java.base/java.lang.reflect.Constructor.newInstanceWithCaller(Constructor.java:499)
	at java.base/java.lang.reflect.Constructor.newInstance(Constructor.java:480)
	at org.openqa.selenium.remote.codec.w3c.W3CHttpResponseCodec.createException(W3CHttpResponseCodec.java:200)
	at org.openqa.selenium.remote.codec.w3c.W3CHttpResponseCodec.decode(W3CHttpResponseCodec.java:133)
	at org.openqa.selenium.remote.codec.w3c.W3CHttpResponseCodec.decode(W3CHttpResponseCodec.java:52)
	at org.openqa.selenium.remote.HttpCommandExecutor.execute(HttpCommandExecutor.java:191)
	at io.appium.java_client.remote.AppiumCommandExecutor.execute(AppiumCommandExecutor.java:250)
	at org.openqa.selenium.remote.RemoteWebDriver.execute(RemoteWebDriver.java:602)
	at org.openqa.selenium.remote.ElementLocation$ElementFinder$2.findElement(ElementLocation.java:165)
	at org.openqa.selenium.remote.ElementLocation.findElement(ElementLocation.java:59)
	at org.openqa.selenium.remote.RemoteWebDriver.findElement(RemoteWebDriver.java:359)
	at org.openqa.selenium.remote.RemoteWebElement.findElement(RemoteWebElement.java:212)
	at com.swaglab.mobile.automation.pages.CartPage.getItemNameByIndex(CartPage.java:108)
	at com.swaglab.mobile.automation.steps.CartSteps.devoVisualizarOProdutoAdicionadoNoCarrinho(CartSteps.java:157)
	at ✽.devo visualizar o produto adicionado no carrinho(classpath:features/cart.feature:23)
]]></error>
    <system-out><![CDATA[
@Carrinho @VisualizarCarrinho
Cenario: Visualizar produtos no carrinho                                                                   &amp#27;[90m# features/cart.feature:19&amp#27;[0m
  &amp#27;[32mDado &amp#27;[0m&amp#27;[32mque estou logado no aplicativo SwagLabs Mobile com o usuÃ¡rio &amp#27;[0m&amp#27;[32m&amp#27;[1m"standard_user"&amp#27;[0m&amp#27;[32m e senha &amp#27;[0m&amp#27;[32m&amp#27;[1m"secret_sauce"&amp#27;[0m &amp#27;[90m# com.swaglab.mobile.automation.steps.CartSteps.queEstouLogadoNoAplicativoComOUsuarioESenha(java.lang.String,java.lang.String)&amp#27;[0m
  &amp#27;[32mE &amp#27;[0m&amp#27;[32mestou na tela de lista de produtos&amp#27;[0m                                                                     &amp#27;[90m# com.swaglab.mobile.automation.steps.CartSteps.estouNaTelaDeListaDeProdutos()&amp#27;[0m
  &amp#27;[32mQuando &amp#27;[0m&amp#27;[32madicionar um produto ao carrinho&amp#27;[0m                                                                  &amp#27;[90m# com.swaglab.mobile.automation.steps.CartSteps.adicionarUmProdutoAoCarrinho()&amp#27;[0m
  &amp#27;[32mE &amp#27;[0m&amp#27;[32mtocar no Ã­cone do carrinho&amp#27;[0m                                                                             &amp#27;[90m# com.swaglab.mobile.automation.steps.CartSteps.tocarNoIconeDoCarrinho()&amp#27;[0m
  &amp#27;[32mEntÃ£o &amp#27;[0m&amp#27;[32mdevo ser redirecionado para a tela do carrinho&amp#27;[0m                                                     &amp#27;[90m# com.swaglab.mobile.automation.steps.CartSteps.devoSerRedirecionadoParaATelaDoCarrinho()&amp#27;[0m
  &amp#27;[31mE &amp#27;[0m&amp#27;[31mdevo visualizar o produto adicionado no carrinho&amp#27;[0m                                                       &amp#27;[90m# com.swaglab.mobile.automation.steps.CartSteps.devoVisualizarOProdutoAdicionadoNoCarrinho()&amp#27;[0m
      &amp#27;[31morg.openqa.selenium.NoSuchElementException: An element could not be located on the page using the given search parameters.
For documentation on this error, please visit: https://www.selenium.dev/documentation/webdriver/troubleshooting/errors#no-such-element-exception
Build info: version: '4.13.0', revision: 'ba948ece5b*'
System info: os.name: 'Windows 10', os.arch: 'amd64', os.version: '10.0', java.version: '17'
Driver info: io.appium.java_client.android.AndroidDriver
Command: [17c6aebb-b475-4534-bc2f-8b93959e7c7a, findChildElement {id=00000000-0000-0bf3-ffff-ffff00000099, using=xpath, value=.//android.widget.TextView[@content-desc='test-Item title']}]
Capabilities {appium:appActivity: com.swaglabsmobileapp.MainA..., appium:appPackage: com.swaglabsmobileapp, appium:autoGrantPermissions: true, appium:automationName: UiAutomator2, appium:databaseEnabled: false, appium:desired: {appActivity: com.swaglabsmobileapp.MainA..., appPackage: com.swaglabsmobileapp, autoGrantPermissions: true, automationName: UiAutomator2, deviceName: 26a8c447, newCommandTimeout: 60, platformName: ANDROID}, appium:deviceApiLevel: 31, appium:deviceManufacturer: Xiaomi, appium:deviceModel: Redmi Note 9 Pro, appium:deviceName: 26a8c447, appium:deviceScreenDensity: 440, appium:deviceScreenSize: 1080x2400, appium:deviceUDID: 26a8c447, appium:javascriptEnabled: true, appium:locationContextEnabled: false, appium:networkConnectionEnabled: true, appium:newCommandTimeout: 60, appium:pixelRatio: 2.75, appium:platformVersion: 12, appium:statBarHeight: 102, appium:takesScreenshot: true, appium:viewportRect: {height: 2298, left: 0, top: 102, width: 1080}, appium:warnings: {}, appium:webStorageEnabled: false, platformName: ANDROID}
Session ID: 17c6aebb-b475-4534-bc2f-8b93959e7c7a
	at java.base/jdk.internal.reflect.NativeConstructorAccessorImpl.newInstance0(Native Method)
	at java.base/jdk.internal.reflect.NativeConstructorAccessorImpl.newInstance(NativeConstructorAccessorImpl.java:77)
	at java.base/jdk.internal.reflect.DelegatingConstructorAccessorImpl.newInstance(DelegatingConstructorAccessorImpl.java:45)
	at java.base/java.lang.reflect.Constructor.newInstanceWithCaller(Constructor.java:499)
	at java.base/java.lang.reflect.Constructor.newInstance(Constructor.java:480)
	at org.openqa.selenium.remote.codec.w3c.W3CHttpResponseCodec.createException(W3CHttpResponseCodec.java:200)
	at org.openqa.selenium.remote.codec.w3c.W3CHttpResponseCodec.decode(W3CHttpResponseCodec.java:133)
	at org.openqa.selenium.remote.codec.w3c.W3CHttpResponseCodec.decode(W3CHttpResponseCodec.java:52)
	at org.openqa.selenium.remote.HttpCommandExecutor.execute(HttpCommandExecutor.java:191)
	at io.appium.java_client.remote.AppiumCommandExecutor.execute(AppiumCommandExecutor.java:250)
	at org.openqa.selenium.remote.RemoteWebDriver.execute(RemoteWebDriver.java:602)
	at org.openqa.selenium.remote.ElementLocation$ElementFinder$2.findElement(ElementLocation.java:165)
	at org.openqa.selenium.remote.ElementLocation.findElement(ElementLocation.java:59)
	at org.openqa.selenium.remote.RemoteWebDriver.findElement(RemoteWebDriver.java:359)
	at org.openqa.selenium.remote.RemoteWebElement.findElement(RemoteWebElement.java:212)
	at com.swaglab.mobile.automation.pages.CartPage.getItemNameByIndex(CartPage.java:108)
	at com.swaglab.mobile.automation.steps.CartSteps.devoVisualizarOProdutoAdicionadoNoCarrinho(CartSteps.java:157)
	at âœ½.devo visualizar o produto adicionado no carrinho(classpath:features/cart.feature:23)
&amp#27;[0m
  &amp#27;[36mE &amp#27;[0m&amp#27;[36mdevo visualizar o preÃ§o correto do produto&amp#27;[0m                                                             &amp#27;[90m# com.swaglab.mobile.automation.steps.CartSteps.devoVisualizarOPrecoCorretoDoProduto()&amp#27;[0m

    Embedding Screenshot de falha [image/png 177151 bytes]

]]></system-out>
    <system-err><![CDATA[[main] INFO com.swaglab.mobile.automation.hooks.Hooks - Iniciando cenário: Visualizar produtos no carrinho
[main] INFO com.swaglab.mobile.automation.core.DriverManager - Driver inicializado com sucesso!
[main] INFO com.swaglab.mobile.automation.utils.ReportUtils - Cenário atual definido: Visualizar produtos no carrinho
[main] INFO com.swaglab.mobile.automation.steps.CartSteps - Realizando login com usuário: standard_user e senha: secret_sauce
[main] INFO com.swaglab.mobile.automation.pages.LoginPage - Verificando se a página de login está carregada
[main] INFO com.swaglab.mobile.automation.core.BasePage - Elemento está visível: Located by By.chained({AppiumBy.accessibilityId: test-Username})
[main] INFO com.swaglab.mobile.automation.core.BasePage - Elemento está visível: Located by By.chained({AppiumBy.accessibilityId: test-Password})
[main] INFO com.swaglab.mobile.automation.core.BasePage - Elemento está visível: Located by By.chained({AppiumBy.accessibilityId: test-LOGIN})
[main] INFO com.swaglab.mobile.automation.utils.ReportUtils - Screenshot capturado para o cenário 'Visualizar produtos no carrinho': Tela de login
[main] INFO com.swaglab.mobile.automation.pages.LoginPage - Inserindo nome de usuário: standard_user
[main] INFO com.swaglab.mobile.automation.core.BasePage - Digitou 'standard_user' no elemento: Located by By.chained({AppiumBy.accessibilityId: test-Username})
[main] INFO com.swaglab.mobile.automation.pages.LoginPage - Inserindo senha
[main] INFO com.swaglab.mobile.automation.core.BasePage - Digitou 'secret_sauce' no elemento: Located by By.chained({AppiumBy.accessibilityId: test-Password})
[main] INFO com.swaglab.mobile.automation.pages.LoginPage - Clicando no botão Login
[main] INFO com.swaglab.mobile.automation.core.BasePage - Clicou no elemento: Located by By.chained({AppiumBy.accessibilityId: test-LOGIN})
[main] INFO com.swaglab.mobile.automation.pages.ProductsPage - Verificando se a página de produtos está carregada
[main] INFO com.swaglab.mobile.automation.core.BasePage - Elemento está visível: Located by By.chained({By.xpath: //android.widget.TextView[@text='PRODUCTS']})
[main] INFO com.swaglab.mobile.automation.core.BasePage - Elemento está visível: Located by By.chained({By.xpath: //android.view.ViewGroup[@content-desc='test-Cart']})
[main] INFO com.swaglab.mobile.automation.core.BasePage - Elemento está visível: Located by By.chained({AppiumBy.accessibilityId: test-Menu})
[main] INFO com.swaglab.mobile.automation.utils.ReportUtils - Screenshot capturado para o cenário 'Visualizar produtos no carrinho': Login realizado com sucesso
[main] INFO com.swaglab.mobile.automation.steps.CartSteps - Verificando se estou na tela de produtos
[main] INFO com.swaglab.mobile.automation.pages.ProductsPage - Verificando se a página de produtos está carregada
[main] INFO com.swaglab.mobile.automation.core.BasePage - Elemento está visível: Located by By.chained({By.xpath: //android.widget.TextView[@text='PRODUCTS']})
[main] INFO com.swaglab.mobile.automation.core.BasePage - Elemento está visível: Located by By.chained({By.xpath: //android.view.ViewGroup[@content-desc='test-Cart']})
[main] INFO com.swaglab.mobile.automation.core.BasePage - Elemento está visível: Located by By.chained({AppiumBy.accessibilityId: test-Menu})
[main] INFO com.swaglab.mobile.automation.utils.ReportUtils - Screenshot capturado para o cenário 'Visualizar produtos no carrinho': Tela de produtos
[main] INFO com.swaglab.mobile.automation.steps.CartSteps - Adicionando um produto ao carrinho
[main] INFO com.swaglab.mobile.automation.pages.ProductsPage - Obtendo nome do produto no índice: 0
[main] INFO com.swaglab.mobile.automation.core.BasePage - Texto obtido: 'Sauce Labs Backpack'
[main] INFO com.swaglab.mobile.automation.pages.ProductsPage - Obtendo preço do produto no índice: 0
[main] INFO com.swaglab.mobile.automation.core.BasePage - Texto obtido: '$29.99'
[main] INFO com.swaglab.mobile.automation.steps.CartSteps - Produto a ser adicionado: Sauce Labs Backpack - $29.99
[main] INFO com.swaglab.mobile.automation.pages.ProductsPage - Adicionando produto ao carrinho no índice: 0
[main] INFO com.swaglab.mobile.automation.core.BasePage - Clicou no elemento: [[[[AndroidDriver:  on ANDROID (17c6aebb-b475-4534-bc2f-8b93959e7c7a)] -> xpath: //android.view.ViewGroup[@content-desc='test-Item']]] -> xpath: .//android.view.ViewGroup[@content-desc='test-ADD TO CART']]
[main] INFO com.swaglab.mobile.automation.core.BasePage - Elemento está visível: Located by By.chained({By.xpath: //android.view.ViewGroup[@content-desc='test-Cart']/android.view.ViewGroup/android.widget.TextView})
[main] INFO com.swaglab.mobile.automation.core.BasePage - Texto obtido: '1'
[main] INFO com.swaglab.mobile.automation.pages.ProductsPage - Contador do carrinho: 1
[main] INFO com.swaglab.mobile.automation.utils.ReportUtils - Screenshot capturado para o cenário 'Visualizar produtos no carrinho': Produto adicionado ao carrinho
[main] INFO com.swaglab.mobile.automation.steps.CartSteps - Tocando no ícone do carrinho
[main] INFO com.swaglab.mobile.automation.pages.ProductsPage - Clicando no ícone do carrinho
[main] INFO com.swaglab.mobile.automation.core.BasePage - Clicou no elemento: Located by By.chained({By.xpath: //android.view.ViewGroup[@content-desc='test-Cart']})
[main] INFO com.swaglab.mobile.automation.utils.ReportUtils - Screenshot capturado para o cenário 'Visualizar produtos no carrinho': Após tocar no ícone do carrinho
[main] INFO com.swaglab.mobile.automation.steps.CartSteps - Verificando se fui redirecionado para a tela do carrinho
[main] INFO com.swaglab.mobile.automation.utils.ReportUtils - Screenshot capturado para o cenário 'Visualizar produtos no carrinho': Tela do carrinho carregada
[main] INFO com.swaglab.mobile.automation.steps.CartSteps - Verificando se o produto adicionado está no carrinho
[main] INFO com.swaglab.mobile.automation.pages.CartPage - Verificando se o carrinho está vazio
[main] ERROR com.swaglab.mobile.automation.core.BasePage - Elemento não está visível: Located by By.chained({By.xpath: //android.widget.TextView[@text='No Items']})
[main] INFO com.swaglab.mobile.automation.pages.CartPage - Obtendo nome do item no índice: 0
[main] INFO com.swaglab.mobile.automation.hooks.Hooks - Finalizando cenário: Visualizar produtos no carrinho
[main] WARN com.swaglab.mobile.automation.hooks.Hooks - Cenário falhou. Capturando screenshot final.
[main] INFO com.swaglab.mobile.automation.utils.ReportUtils - Screenshot capturado para o cenário 'Visualizar produtos no carrinho': Falha no cenário: Visualizar produtos no carrinho
[main] INFO com.swaglab.mobile.automation.utils.ReportUtils - Relatório PDF para o cenário 'Visualizar produtos no carrinho' gerado com sucesso: target/evidence/Visualizar_produtos_no_carrinho_2025-05-14_16-54-46.pdf
[main] INFO com.swaglab.mobile.automation.core.DriverManager - Driver finalizado com sucesso!
[main] INFO com.swaglab.mobile.automation.listeners.ReportGenerationListener - Cenário finalizado: Visualizar produtos no carrinho. Status: FAILED
]]></system-err>
  </testcase>
  <testcase name="Remover um produto da tela do carrinho" classname="Gerenciamento de itens no carrinho do SwagLabs Mobile" time="48.571">
    <failure message="A mensagem &apos;No Items&apos; não está sendo exibida ==&gt; expected: &lt;true&gt; but was: &lt;false&gt;" type="org.opentest4j.AssertionFailedError"><![CDATA[org.opentest4j.AssertionFailedError: A mensagem 'No Items' não está sendo exibida ==> expected: <true> but was: <false>
	at org.junit.jupiter.api.AssertionFailureBuilder.build(AssertionFailureBuilder.java:151)
	at org.junit.jupiter.api.AssertionFailureBuilder.buildAndThrow(AssertionFailureBuilder.java:132)
	at org.junit.jupiter.api.AssertTrue.failNotTrue(AssertTrue.java:63)
	at org.junit.jupiter.api.AssertTrue.assertTrue(AssertTrue.java:36)
	at org.junit.jupiter.api.Assertions.assertTrue(Assertions.java:211)
	at com.swaglab.mobile.automation.steps.CartSteps.devoVisualizarAMensagem(CartSteps.java:198)
	at ✽.devo visualizar a mensagem "No Items"(classpath:features/cart.feature:32)
]]></failure>
    <system-out><![CDATA[
@Carrinho @RemoverProdutoCarrinho
Cenario: Remover um produto da tela do carrinho                                                            &amp#27;[90m# features/cart.feature:27&amp#27;[0m
  &amp#27;[32mDado &amp#27;[0m&amp#27;[32mque estou logado no aplicativo SwagLabs Mobile com o usuÃ¡rio &amp#27;[0m&amp#27;[32m&amp#27;[1m"standard_user"&amp#27;[0m&amp#27;[32m e senha &amp#27;[0m&amp#27;[32m&amp#27;[1m"secret_sauce"&amp#27;[0m &amp#27;[90m# com.swaglab.mobile.automation.steps.CartSteps.queEstouLogadoNoAplicativoComOUsuarioESenha(java.lang.String,java.lang.String)&amp#27;[0m
  &amp#27;[32mE &amp#27;[0m&amp#27;[32mestou na tela de lista de produtos&amp#27;[0m                                                                     &amp#27;[90m# com.swaglab.mobile.automation.steps.CartSteps.estouNaTelaDeListaDeProdutos()&amp#27;[0m
  &amp#27;[32mQuando &amp#27;[0m&amp#27;[32madicionar um produto ao carrinho&amp#27;[0m                                                                  &amp#27;[90m# com.swaglab.mobile.automation.steps.CartSteps.adicionarUmProdutoAoCarrinho()&amp#27;[0m
  &amp#27;[32mE &amp#27;[0m&amp#27;[32mtocar no Ã­cone do carrinho&amp#27;[0m                                                                             &amp#27;[90m# com.swaglab.mobile.automation.steps.CartSteps.tocarNoIconeDoCarrinho()&amp#27;[0m
  &amp#27;[32mE &amp#27;[0m&amp#27;[32mtocar no botÃ£o &amp#27;[0m&amp#27;[32m&amp#27;[1m"REMOVE"&amp#27;[0m&amp#27;[32m do produto no carrinho&amp#27;[0m                                                         &amp#27;[90m# com.swaglab.mobile.automation.steps.CartSteps.tocarNoBotaoDoProdutoNoCarrinho(java.lang.String)&amp#27;[0m
  &amp#27;[32mEntÃ£o &amp#27;[0m&amp#27;[32mo carrinho deve ficar vazio&amp#27;[0m                                                                        &amp#27;[90m# com.swaglab.mobile.automation.steps.CartSteps.oCarrinhoDeveFicarVazio()&amp#27;[0m
  &amp#27;[31mE &amp#27;[0m&amp#27;[31mdevo visualizar a mensagem &amp#27;[0m&amp#27;[31m&amp#27;[1m"No Items"&amp#27;[0m                                                                  &amp#27;[90m# com.swaglab.mobile.automation.steps.CartSteps.devoVisualizarAMensagem(java.lang.String)&amp#27;[0m
      &amp#27;[31morg.opentest4j.AssertionFailedError: A mensagem 'No Items' nÃ£o estÃ¡ sendo exibida ==> expected: <true> but was: <false>
	at org.junit.jupiter.api.AssertionFailureBuilder.build(AssertionFailureBuilder.java:151)
	at org.junit.jupiter.api.AssertionFailureBuilder.buildAndThrow(AssertionFailureBuilder.java:132)
	at org.junit.jupiter.api.AssertTrue.failNotTrue(AssertTrue.java:63)
	at org.junit.jupiter.api.AssertTrue.assertTrue(AssertTrue.java:36)
	at org.junit.jupiter.api.Assertions.assertTrue(Assertions.java:211)
	at com.swaglab.mobile.automation.steps.CartSteps.devoVisualizarAMensagem(CartSteps.java:198)
	at âœ½.devo visualizar a mensagem "No Items"(classpath:features/cart.feature:32)
&amp#27;[0m

    Embedding Screenshot de falha [image/png 270969 bytes]

]]></system-out>
    <system-err><![CDATA[[main] INFO com.swaglab.mobile.automation.hooks.Hooks - Iniciando cenário: Remover um produto da tela do carrinho
[main] INFO com.swaglab.mobile.automation.core.DriverManager - Driver inicializado com sucesso!
[main] INFO com.swaglab.mobile.automation.utils.ReportUtils - Cenário atual definido: Remover um produto da tela do carrinho
[main] INFO com.swaglab.mobile.automation.steps.CartSteps - Realizando login com usuário: standard_user e senha: secret_sauce
[main] INFO com.swaglab.mobile.automation.pages.LoginPage - Verificando se a página de login está carregada
[main] INFO com.swaglab.mobile.automation.core.BasePage - Elemento está visível: Located by By.chained({AppiumBy.accessibilityId: test-Username})
[main] INFO com.swaglab.mobile.automation.core.BasePage - Elemento está visível: Located by By.chained({AppiumBy.accessibilityId: test-Password})
[main] INFO com.swaglab.mobile.automation.core.BasePage - Elemento está visível: Located by By.chained({AppiumBy.accessibilityId: test-LOGIN})
[main] INFO com.swaglab.mobile.automation.utils.ReportUtils - Screenshot capturado para o cenário 'Remover um produto da tela do carrinho': Tela de login
[main] INFO com.swaglab.mobile.automation.pages.LoginPage - Inserindo nome de usuário: standard_user
[main] INFO com.swaglab.mobile.automation.core.BasePage - Digitou 'standard_user' no elemento: Located by By.chained({AppiumBy.accessibilityId: test-Username})
[main] INFO com.swaglab.mobile.automation.pages.LoginPage - Inserindo senha
[main] INFO com.swaglab.mobile.automation.core.BasePage - Digitou 'secret_sauce' no elemento: Located by By.chained({AppiumBy.accessibilityId: test-Password})
[main] INFO com.swaglab.mobile.automation.pages.LoginPage - Clicando no botão Login
[main] INFO com.swaglab.mobile.automation.core.BasePage - Clicou no elemento: Located by By.chained({AppiumBy.accessibilityId: test-LOGIN})
[main] INFO com.swaglab.mobile.automation.pages.ProductsPage - Verificando se a página de produtos está carregada
[main] INFO com.swaglab.mobile.automation.core.BasePage - Elemento está visível: Located by By.chained({By.xpath: //android.widget.TextView[@text='PRODUCTS']})
[main] INFO com.swaglab.mobile.automation.core.BasePage - Elemento está visível: Located by By.chained({By.xpath: //android.view.ViewGroup[@content-desc='test-Cart']})
[main] INFO com.swaglab.mobile.automation.core.BasePage - Elemento está visível: Located by By.chained({AppiumBy.accessibilityId: test-Menu})
[main] INFO com.swaglab.mobile.automation.utils.ReportUtils - Screenshot capturado para o cenário 'Remover um produto da tela do carrinho': Login realizado com sucesso
[main] INFO com.swaglab.mobile.automation.steps.CartSteps - Verificando se estou na tela de produtos
[main] INFO com.swaglab.mobile.automation.pages.ProductsPage - Verificando se a página de produtos está carregada
[main] INFO com.swaglab.mobile.automation.core.BasePage - Elemento está visível: Located by By.chained({By.xpath: //android.widget.TextView[@text='PRODUCTS']})
[main] INFO com.swaglab.mobile.automation.core.BasePage - Elemento está visível: Located by By.chained({By.xpath: //android.view.ViewGroup[@content-desc='test-Cart']})
[main] INFO com.swaglab.mobile.automation.core.BasePage - Elemento está visível: Located by By.chained({AppiumBy.accessibilityId: test-Menu})
[main] INFO com.swaglab.mobile.automation.utils.ReportUtils - Screenshot capturado para o cenário 'Remover um produto da tela do carrinho': Tela de produtos
[main] INFO com.swaglab.mobile.automation.steps.CartSteps - Adicionando um produto ao carrinho
[main] INFO com.swaglab.mobile.automation.pages.ProductsPage - Obtendo nome do produto no índice: 0
[main] INFO com.swaglab.mobile.automation.core.BasePage - Texto obtido: 'Sauce Labs Backpack'
[main] INFO com.swaglab.mobile.automation.pages.ProductsPage - Obtendo preço do produto no índice: 0
[main] INFO com.swaglab.mobile.automation.core.BasePage - Texto obtido: '$29.99'
[main] INFO com.swaglab.mobile.automation.steps.CartSteps - Produto a ser adicionado: Sauce Labs Backpack - $29.99
[main] INFO com.swaglab.mobile.automation.pages.ProductsPage - Adicionando produto ao carrinho no índice: 0
[main] INFO com.swaglab.mobile.automation.core.BasePage - Clicou no elemento: [[[[AndroidDriver:  on ANDROID (7ddf514e-6348-4620-b505-7dbffc645f79)] -> xpath: //android.view.ViewGroup[@content-desc='test-Item']]] -> xpath: .//android.view.ViewGroup[@content-desc='test-ADD TO CART']]
[main] INFO com.swaglab.mobile.automation.core.BasePage - Elemento está visível: Located by By.chained({By.xpath: //android.view.ViewGroup[@content-desc='test-Cart']/android.view.ViewGroup/android.widget.TextView})
[main] INFO com.swaglab.mobile.automation.core.BasePage - Texto obtido: '1'
[main] INFO com.swaglab.mobile.automation.pages.ProductsPage - Contador do carrinho: 1
[main] INFO com.swaglab.mobile.automation.utils.ReportUtils - Screenshot capturado para o cenário 'Remover um produto da tela do carrinho': Produto adicionado ao carrinho
[main] INFO com.swaglab.mobile.automation.steps.CartSteps - Tocando no ícone do carrinho
[main] INFO com.swaglab.mobile.automation.pages.ProductsPage - Clicando no ícone do carrinho
[main] INFO com.swaglab.mobile.automation.core.BasePage - Clicou no elemento: Located by By.chained({By.xpath: //android.view.ViewGroup[@content-desc='test-Cart']})
[main] INFO com.swaglab.mobile.automation.utils.ReportUtils - Screenshot capturado para o cenário 'Remover um produto da tela do carrinho': Após tocar no ícone do carrinho
[main] INFO com.swaglab.mobile.automation.steps.CartSteps - Tocando no botão REMOVE do produto no carrinho
[main] INFO com.swaglab.mobile.automation.pages.CartPage - Removendo item do carrinho no índice: 0
[main] INFO com.swaglab.mobile.automation.core.BasePage - Clicou no elemento: [[[[AndroidDriver:  on ANDROID (7ddf514e-6348-4620-b505-7dbffc645f79)] -> xpath: //android.view.ViewGroup[@content-desc='test-Item']]] -> xpath: .//android.view.ViewGroup[@content-desc='test-REMOVE']]
[main] INFO com.swaglab.mobile.automation.utils.ReportUtils - Screenshot capturado para o cenário 'Remover um produto da tela do carrinho': Após clicar no botão REMOVE do produto no carrinho
[main] INFO com.swaglab.mobile.automation.steps.CartSteps - Verificando se o carrinho está vazio
[main] INFO com.swaglab.mobile.automation.utils.ReportUtils - Screenshot capturado para o cenário 'Remover um produto da tela do carrinho': Carrinho vazio
[main] INFO com.swaglab.mobile.automation.steps.CartSteps - Verificando se a mensagem 'No Items' está sendo exibida
[main] INFO com.swaglab.mobile.automation.pages.CartPage - Verificando se a mensagem 'No Items' está sendo exibida
[main] ERROR com.swaglab.mobile.automation.core.BasePage - Elemento não está visível: Located by By.chained({By.xpath: //android.widget.TextView[@text='No Items']})
[main] INFO com.swaglab.mobile.automation.hooks.Hooks - Finalizando cenário: Remover um produto da tela do carrinho
[main] WARN com.swaglab.mobile.automation.hooks.Hooks - Cenário falhou. Capturando screenshot final.
[main] INFO com.swaglab.mobile.automation.utils.ReportUtils - Screenshot capturado para o cenário 'Remover um produto da tela do carrinho': Falha no cenário: Remover um produto da tela do carrinho
[main] INFO com.swaglab.mobile.automation.utils.ReportUtils - Relatório PDF para o cenário 'Remover um produto da tela do carrinho' gerado com sucesso: target/evidence/Remover_um_produto_da_tela_do_carrinho_2025-05-14_16-55-34.pdf
[main] INFO com.swaglab.mobile.automation.core.DriverManager - Driver finalizado com sucesso!
[main] INFO com.swaglab.mobile.automation.listeners.ReportGenerationListener - Cenário finalizado: Remover um produto da tela do carrinho. Status: FAILED
]]></system-err>
  </testcase>
  <testcase name="Remover um produto da lista de produtos" classname="Gerenciamento de itens no carrinho do SwagLabs Mobile" time="53.576">
    <system-out><![CDATA[
@Carrinho @RemoverProdutoTelaLista
Cenario: Remover um produto da lista de produtos                                                           &amp#27;[90m# features/cart.feature:35&amp#27;[0m
  &amp#27;[32mDado &amp#27;[0m&amp#27;[32mque estou logado no aplicativo SwagLabs Mobile com o usuÃ¡rio &amp#27;[0m&amp#27;[32m&amp#27;[1m"standard_user"&amp#27;[0m&amp#27;[32m e senha &amp#27;[0m&amp#27;[32m&amp#27;[1m"secret_sauce"&amp#27;[0m &amp#27;[90m# com.swaglab.mobile.automation.steps.CartSteps.queEstouLogadoNoAplicativoComOUsuarioESenha(java.lang.String,java.lang.String)&amp#27;[0m
  &amp#27;[32mE &amp#27;[0m&amp#27;[32mestou na tela de lista de produtos&amp#27;[0m                                                                     &amp#27;[90m# com.swaglab.mobile.automation.steps.CartSteps.estouNaTelaDeListaDeProdutos()&amp#27;[0m
  &amp#27;[32mQuando &amp#27;[0m&amp#27;[32mtocar no botÃ£o &amp#27;[0m&amp#27;[32m&amp#27;[1m"ADD TO CART"&amp#27;[0m&amp#27;[32m do primeiro produto&amp#27;[0m                                                  &amp#27;[90m# com.swaglab.mobile.automation.steps.CartSteps.tocarNoBotaoDoPrimeiroProduto(java.lang.String)&amp#27;[0m
  &amp#27;[32mE &amp#27;[0m&amp#27;[32mo contador do carrinho deve exibir &amp#27;[0m&amp#27;[32m&amp#27;[1m"1"&amp#27;[0m                                                                 &amp#27;[90m# com.swaglab.mobile.automation.steps.CartSteps.oContadorDoCarrinhoDeveExibir(java.lang.String)&amp#27;[0m
  &amp#27;[32mE &amp#27;[0m&amp#27;[32mtocar no botÃ£o &amp#27;[0m&amp#27;[32m&amp#27;[1m"REMOVE"&amp#27;[0m&amp#27;[32m do produto&amp#27;[0m                                                                     &amp#27;[90m# com.swaglab.mobile.automation.steps.CartSteps.tocarNoBotaoDoProduto(java.lang.String)&amp#27;[0m
  &amp#27;[32mEntÃ£o &amp#27;[0m&amp#27;[32mo contador do carrinho deve exibir &amp#27;[0m&amp#27;[32m&amp#27;[1m"0"&amp#27;[0m                                                             &amp#27;[90m# com.swaglab.mobile.automation.steps.CartSteps.oContadorDoCarrinhoDeveExibir(java.lang.String)&amp#27;[0m
  &amp#27;[32mE &amp#27;[0m&amp#27;[32mo botÃ£o do produto deve mudar para &amp#27;[0m&amp#27;[32m&amp#27;[1m"ADD TO CART"&amp#27;[0m                                                       &amp#27;[90m# com.swaglab.mobile.automation.steps.CartSteps.oBotaoDoProdutoDeveMudarPara(java.lang.String)&amp#27;[0m
]]></system-out>
    <system-err><![CDATA[[main] INFO com.swaglab.mobile.automation.hooks.Hooks - Iniciando cenário: Remover um produto da lista de produtos
[main] INFO com.swaglab.mobile.automation.core.DriverManager - Driver inicializado com sucesso!
[main] INFO com.swaglab.mobile.automation.utils.ReportUtils - Cenário atual definido: Remover um produto da lista de produtos
[main] INFO com.swaglab.mobile.automation.steps.CartSteps - Realizando login com usuário: standard_user e senha: secret_sauce
[main] INFO com.swaglab.mobile.automation.pages.LoginPage - Verificando se a página de login está carregada
[main] INFO com.swaglab.mobile.automation.core.BasePage - Elemento está visível: Located by By.chained({AppiumBy.accessibilityId: test-Username})
[main] INFO com.swaglab.mobile.automation.core.BasePage - Elemento está visível: Located by By.chained({AppiumBy.accessibilityId: test-Password})
[main] INFO com.swaglab.mobile.automation.core.BasePage - Elemento está visível: Located by By.chained({AppiumBy.accessibilityId: test-LOGIN})
[main] INFO com.swaglab.mobile.automation.utils.ReportUtils - Screenshot capturado para o cenário 'Remover um produto da lista de produtos': Tela de login
[main] INFO com.swaglab.mobile.automation.pages.LoginPage - Inserindo nome de usuário: standard_user
[main] INFO com.swaglab.mobile.automation.core.BasePage - Digitou 'standard_user' no elemento: Located by By.chained({AppiumBy.accessibilityId: test-Username})
[main] INFO com.swaglab.mobile.automation.pages.LoginPage - Inserindo senha
[main] INFO com.swaglab.mobile.automation.core.BasePage - Digitou 'secret_sauce' no elemento: Located by By.chained({AppiumBy.accessibilityId: test-Password})
[main] INFO com.swaglab.mobile.automation.pages.LoginPage - Clicando no botão Login
[main] INFO com.swaglab.mobile.automation.core.BasePage - Clicou no elemento: Located by By.chained({AppiumBy.accessibilityId: test-LOGIN})
[main] INFO com.swaglab.mobile.automation.pages.ProductsPage - Verificando se a página de produtos está carregada
[main] INFO com.swaglab.mobile.automation.core.BasePage - Elemento está visível: Located by By.chained({By.xpath: //android.widget.TextView[@text='PRODUCTS']})
[main] INFO com.swaglab.mobile.automation.core.BasePage - Elemento está visível: Located by By.chained({By.xpath: //android.view.ViewGroup[@content-desc='test-Cart']})
[main] INFO com.swaglab.mobile.automation.core.BasePage - Elemento está visível: Located by By.chained({AppiumBy.accessibilityId: test-Menu})
[main] INFO com.swaglab.mobile.automation.utils.ReportUtils - Screenshot capturado para o cenário 'Remover um produto da lista de produtos': Login realizado com sucesso
[main] INFO com.swaglab.mobile.automation.steps.CartSteps - Verificando se estou na tela de produtos
[main] INFO com.swaglab.mobile.automation.pages.ProductsPage - Verificando se a página de produtos está carregada
[main] INFO com.swaglab.mobile.automation.core.BasePage - Elemento está visível: Located by By.chained({By.xpath: //android.widget.TextView[@text='PRODUCTS']})
[main] INFO com.swaglab.mobile.automation.core.BasePage - Elemento está visível: Located by By.chained({By.xpath: //android.view.ViewGroup[@content-desc='test-Cart']})
[main] INFO com.swaglab.mobile.automation.core.BasePage - Elemento está visível: Located by By.chained({AppiumBy.accessibilityId: test-Menu})
[main] INFO com.swaglab.mobile.automation.utils.ReportUtils - Screenshot capturado para o cenário 'Remover um produto da lista de produtos': Tela de produtos
[main] INFO com.swaglab.mobile.automation.steps.CartSteps - Tocando no botão ADD TO CART do primeiro produto
[main] INFO com.swaglab.mobile.automation.pages.ProductsPage - Obtendo nome do produto no índice: 0
[main] INFO com.swaglab.mobile.automation.core.BasePage - Texto obtido: 'Sauce Labs Backpack'
[main] INFO com.swaglab.mobile.automation.pages.ProductsPage - Obtendo preço do produto no índice: 0
[main] INFO com.swaglab.mobile.automation.core.BasePage - Texto obtido: '$29.99'
[main] INFO com.swaglab.mobile.automation.steps.CartSteps - Produto selecionado: Sauce Labs Backpack - $29.99
[main] INFO com.swaglab.mobile.automation.pages.ProductsPage - Adicionando produto ao carrinho no índice: 0
[main] INFO com.swaglab.mobile.automation.core.BasePage - Clicou no elemento: [[[[AndroidDriver:  on ANDROID (102d1a83-9697-404e-9e9a-6286e58f9a45)] -> xpath: //android.view.ViewGroup[@content-desc='test-Item']]] -> xpath: .//android.view.ViewGroup[@content-desc='test-ADD TO CART']]
[main] INFO com.swaglab.mobile.automation.utils.ReportUtils - Screenshot capturado para o cenário 'Remover um produto da lista de produtos': Após clicar no botão ADD TO CART do primeiro produto
[main] INFO com.swaglab.mobile.automation.steps.CartSteps - Verificando se o contador do carrinho exibe: 1
[main] INFO com.swaglab.mobile.automation.core.BasePage - Elemento está visível: Located by By.chained({By.xpath: //android.view.ViewGroup[@content-desc='test-Cart']/android.view.ViewGroup/android.widget.TextView})
[main] INFO com.swaglab.mobile.automation.core.BasePage - Texto obtido: '1'
[main] INFO com.swaglab.mobile.automation.pages.ProductsPage - Contador do carrinho: 1
[main] INFO com.swaglab.mobile.automation.utils.ReportUtils - Screenshot capturado para o cenário 'Remover um produto da lista de produtos': Contador do carrinho exibindo: 1
[main] INFO com.swaglab.mobile.automation.steps.CartSteps - Tocando no botão 'REMOVE' do produto (índice 0)
[main] INFO com.swaglab.mobile.automation.pages.ProductsPage - Obtendo nome do produto no índice: 0
[main] INFO com.swaglab.mobile.automation.core.BasePage - Texto obtido: 'Sauce Labs Backpack'
[main] INFO com.swaglab.mobile.automation.pages.ProductsPage - Obtendo preço do produto no índice: 0
[main] INFO com.swaglab.mobile.automation.core.BasePage - Texto obtido: '$29.99'
[main] INFO com.swaglab.mobile.automation.pages.ProductsPage - Removendo produto do carrinho no índice: 0
[main] INFO com.swaglab.mobile.automation.core.BasePage - Clicou no elemento: [[[[AndroidDriver:  on ANDROID (102d1a83-9697-404e-9e9a-6286e58f9a45)] -> xpath: //android.view.ViewGroup[@content-desc='test-Item']]] -> xpath: .//android.view.ViewGroup[@content-desc='test-REMOVE']]
[main] INFO com.swaglab.mobile.automation.utils.ReportUtils - Screenshot capturado para o cenário 'Remover um produto da lista de produtos': Após clicar no botão 'REMOVE' do produto
[main] INFO com.swaglab.mobile.automation.steps.CartSteps - Verificando se o contador do carrinho exibe: 0
[main] ERROR com.swaglab.mobile.automation.core.BasePage - Elemento não está visível: Located by By.chained({By.xpath: //android.view.ViewGroup[@content-desc='test-Cart']/android.view.ViewGroup/android.widget.TextView})
[main] INFO com.swaglab.mobile.automation.pages.ProductsPage - Contador do carrinho não está visível
[main] INFO com.swaglab.mobile.automation.utils.ReportUtils - Screenshot capturado para o cenário 'Remover um produto da lista de produtos': Contador do carrinho exibindo: 0
[main] INFO com.swaglab.mobile.automation.steps.CartSteps - Verificando se o botão do produto mudou para: ADD TO CART
[main] INFO com.swaglab.mobile.automation.pages.ProductsPage - Verificando texto do botão do produto no índice: 0
[main] INFO com.swaglab.mobile.automation.utils.ReportUtils - Screenshot capturado para o cenário 'Remover um produto da lista de produtos': Botão do produto exibindo: ADD TO CART
[main] INFO com.swaglab.mobile.automation.hooks.Hooks - Finalizando cenário: Remover um produto da lista de produtos
[main] INFO com.swaglab.mobile.automation.utils.ReportUtils - Relatório PDF para o cenário 'Remover um produto da lista de produtos' gerado com sucesso: target/evidence/Remover_um_produto_da_lista_de_produtos_2025-05-14_16-56-27.pdf
[main] INFO com.swaglab.mobile.automation.core.DriverManager - Driver finalizado com sucesso!
[main] INFO com.swaglab.mobile.automation.listeners.ReportGenerationListener - Cenário finalizado: Remover um produto da lista de produtos. Status: PASSED
]]></system-err>
  </testcase>
  <testcase name="Adicionar múltiplos produtos ao carrinho" classname="Gerenciamento de itens no carrinho do SwagLabs Mobile" time="37.368">
    <system-out><![CDATA[
@Carrinho @AdicionarMultiplosProdutos
Cenario: Adicionar mÃºltiplos produtos ao carrinho                                                          &amp#27;[90m# features/cart.feature:43&amp#27;[0m
  &amp#27;[32mDado &amp#27;[0m&amp#27;[32mque estou logado no aplicativo SwagLabs Mobile com o usuÃ¡rio &amp#27;[0m&amp#27;[32m&amp#27;[1m"standard_user"&amp#27;[0m&amp#27;[32m e senha &amp#27;[0m&amp#27;[32m&amp#27;[1m"secret_sauce"&amp#27;[0m &amp#27;[90m# com.swaglab.mobile.automation.steps.CartSteps.queEstouLogadoNoAplicativoComOUsuarioESenha(java.lang.String,java.lang.String)&amp#27;[0m
  &amp#27;[32mE &amp#27;[0m&amp#27;[32mestou na tela de lista de produtos&amp#27;[0m                                                                     &amp#27;[90m# com.swaglab.mobile.automation.steps.CartSteps.estouNaTelaDeListaDeProdutos()&amp#27;[0m
  &amp#27;[32mQuando &amp#27;[0m&amp#27;[32madicionar &amp#27;[0m&amp#27;[32m&amp#27;[1m2&amp#27;[0m&amp#27;[32m produtos diferentes ao carrinho&amp#27;[0m                                                       &amp#27;[90m# com.swaglab.mobile.automation.steps.CartSteps.adicionarProdutosDiferentesAoCarrinho(int)&amp#27;[0m
  &amp#27;[32mEntÃ£o &amp#27;[0m&amp#27;[32mo contador do carrinho deve exibir &amp#27;[0m&amp#27;[32m&amp#27;[1m"2"&amp#27;[0m                                                             &amp#27;[90m# com.swaglab.mobile.automation.steps.CartSteps.oContadorDoCarrinhoDeveExibir(java.lang.String)&amp#27;[0m
  &amp#27;[32mQuando &amp#27;[0m&amp#27;[32mtocar no Ã­cone do carrinho&amp#27;[0m                                                                        &amp#27;[90m# com.swaglab.mobile.automation.steps.CartSteps.tocarNoIconeDoCarrinho()&amp#27;[0m
  &amp#27;[32mEntÃ£o &amp#27;[0m&amp#27;[32mdevo visualizar os &amp#27;[0m&amp#27;[32m&amp#27;[1m2&amp#27;[0m&amp#27;[32m produtos no carrinho&amp#27;[0m                                                          &amp#27;[90m# com.swaglab.mobile.automation.steps.CartSteps.devoVisualizarOsProdutosNoCarrinho(int)&amp#27;[0m
]]></system-out>
    <system-err><![CDATA[[main] INFO com.swaglab.mobile.automation.hooks.Hooks - Iniciando cenário: Adicionar múltiplos produtos ao carrinho
[main] INFO com.swaglab.mobile.automation.core.DriverManager - Driver inicializado com sucesso!
[main] INFO com.swaglab.mobile.automation.utils.ReportUtils - Cenário atual definido: Adicionar múltiplos produtos ao carrinho
[main] INFO com.swaglab.mobile.automation.steps.CartSteps - Realizando login com usuário: standard_user e senha: secret_sauce
[main] INFO com.swaglab.mobile.automation.pages.LoginPage - Verificando se a página de login está carregada
[main] INFO com.swaglab.mobile.automation.core.BasePage - Elemento está visível: Located by By.chained({AppiumBy.accessibilityId: test-Username})
[main] INFO com.swaglab.mobile.automation.core.BasePage - Elemento está visível: Located by By.chained({AppiumBy.accessibilityId: test-Password})
[main] INFO com.swaglab.mobile.automation.core.BasePage - Elemento está visível: Located by By.chained({AppiumBy.accessibilityId: test-LOGIN})
[main] INFO com.swaglab.mobile.automation.utils.ReportUtils - Screenshot capturado para o cenário 'Adicionar múltiplos produtos ao carrinho': Tela de login
[main] INFO com.swaglab.mobile.automation.pages.LoginPage - Inserindo nome de usuário: standard_user
[main] INFO com.swaglab.mobile.automation.core.BasePage - Digitou 'standard_user' no elemento: Located by By.chained({AppiumBy.accessibilityId: test-Username})
[main] INFO com.swaglab.mobile.automation.pages.LoginPage - Inserindo senha
[main] INFO com.swaglab.mobile.automation.core.BasePage - Digitou 'secret_sauce' no elemento: Located by By.chained({AppiumBy.accessibilityId: test-Password})
[main] INFO com.swaglab.mobile.automation.pages.LoginPage - Clicando no botão Login
[main] INFO com.swaglab.mobile.automation.core.BasePage - Clicou no elemento: Located by By.chained({AppiumBy.accessibilityId: test-LOGIN})
[main] INFO com.swaglab.mobile.automation.pages.ProductsPage - Verificando se a página de produtos está carregada
[main] INFO com.swaglab.mobile.automation.core.BasePage - Elemento está visível: Located by By.chained({By.xpath: //android.widget.TextView[@text='PRODUCTS']})
[main] INFO com.swaglab.mobile.automation.core.BasePage - Elemento está visível: Located by By.chained({By.xpath: //android.view.ViewGroup[@content-desc='test-Cart']})
[main] INFO com.swaglab.mobile.automation.core.BasePage - Elemento está visível: Located by By.chained({AppiumBy.accessibilityId: test-Menu})
[main] INFO com.swaglab.mobile.automation.utils.ReportUtils - Screenshot capturado para o cenário 'Adicionar múltiplos produtos ao carrinho': Login realizado com sucesso
[main] INFO com.swaglab.mobile.automation.steps.CartSteps - Verificando se estou na tela de produtos
[main] INFO com.swaglab.mobile.automation.pages.ProductsPage - Verificando se a página de produtos está carregada
[main] INFO com.swaglab.mobile.automation.core.BasePage - Elemento está visível: Located by By.chained({By.xpath: //android.widget.TextView[@text='PRODUCTS']})
[main] INFO com.swaglab.mobile.automation.core.BasePage - Elemento está visível: Located by By.chained({By.xpath: //android.view.ViewGroup[@content-desc='test-Cart']})
[main] INFO com.swaglab.mobile.automation.core.BasePage - Elemento está visível: Located by By.chained({AppiumBy.accessibilityId: test-Menu})
[main] INFO com.swaglab.mobile.automation.utils.ReportUtils - Screenshot capturado para o cenário 'Adicionar múltiplos produtos ao carrinho': Tela de produtos
[main] INFO com.swaglab.mobile.automation.steps.CartSteps - Adicionando 2 produtos diferentes ao carrinho
[main] INFO com.swaglab.mobile.automation.steps.CartSteps - Adicionando produto 1/2
[main] INFO com.swaglab.mobile.automation.pages.ProductsPage - Adicionando produto ao carrinho no índice: 0
[main] INFO com.swaglab.mobile.automation.core.BasePage - Clicou no elemento: [[[[AndroidDriver:  on ANDROID (ed81670d-a234-42dd-8a78-6c553babdbfa)] -> xpath: //android.view.ViewGroup[@content-desc='test-Item']]] -> xpath: .//android.view.ViewGroup[@content-desc='test-ADD TO CART']]
[main] INFO com.swaglab.mobile.automation.utils.ReportUtils - Screenshot capturado para o cenário 'Adicionar múltiplos produtos ao carrinho': Produto 1 adicionado ao carrinho
[main] INFO com.swaglab.mobile.automation.steps.CartSteps - Adicionando produto 2/2
[main] INFO com.swaglab.mobile.automation.pages.ProductsPage - Adicionando produto ao carrinho no índice: 1
[main] INFO com.swaglab.mobile.automation.core.BasePage - Clicou no elemento: [[[[AndroidDriver:  on ANDROID (ed81670d-a234-42dd-8a78-6c553babdbfa)] -> xpath: //android.view.ViewGroup[@content-desc='test-Item']]] -> xpath: .//android.view.ViewGroup[@content-desc='test-ADD TO CART']]
[main] INFO com.swaglab.mobile.automation.utils.ReportUtils - Screenshot capturado para o cenário 'Adicionar múltiplos produtos ao carrinho': Produto 2 adicionado ao carrinho
[main] INFO com.swaglab.mobile.automation.core.BasePage - Elemento está visível: Located by By.chained({By.xpath: //android.view.ViewGroup[@content-desc='test-Cart']/android.view.ViewGroup/android.widget.TextView})
[main] INFO com.swaglab.mobile.automation.core.BasePage - Texto obtido: '2'
[main] INFO com.swaglab.mobile.automation.pages.ProductsPage - Contador do carrinho: 2
[main] INFO com.swaglab.mobile.automation.steps.CartSteps - Verificando se o contador do carrinho exibe: 2
[main] INFO com.swaglab.mobile.automation.core.BasePage - Elemento está visível: Located by By.chained({By.xpath: //android.view.ViewGroup[@content-desc='test-Cart']/android.view.ViewGroup/android.widget.TextView})
[main] INFO com.swaglab.mobile.automation.core.BasePage - Texto obtido: '2'
[main] INFO com.swaglab.mobile.automation.pages.ProductsPage - Contador do carrinho: 2
[main] INFO com.swaglab.mobile.automation.utils.ReportUtils - Screenshot capturado para o cenário 'Adicionar múltiplos produtos ao carrinho': Contador do carrinho exibindo: 2
[main] INFO com.swaglab.mobile.automation.steps.CartSteps - Tocando no ícone do carrinho
[main] INFO com.swaglab.mobile.automation.pages.ProductsPage - Clicando no ícone do carrinho
[main] INFO com.swaglab.mobile.automation.core.BasePage - Clicou no elemento: Located by By.chained({By.xpath: //android.view.ViewGroup[@content-desc='test-Cart']})
[main] INFO com.swaglab.mobile.automation.utils.ReportUtils - Screenshot capturado para o cenário 'Adicionar múltiplos produtos ao carrinho': Após tocar no ícone do carrinho
[main] INFO com.swaglab.mobile.automation.steps.CartSteps - Verificando se existem 2 produtos no carrinho
[main] INFO com.swaglab.mobile.automation.pages.CartPage - Obtendo quantidade de itens no carrinho: 2
[main] INFO com.swaglab.mobile.automation.utils.ReportUtils - Screenshot capturado para o cenário 'Adicionar múltiplos produtos ao carrinho': 2 produtos visualizados no carrinho
[main] INFO com.swaglab.mobile.automation.hooks.Hooks - Finalizando cenário: Adicionar múltiplos produtos ao carrinho
[main] INFO com.swaglab.mobile.automation.utils.ReportUtils - Relatório PDF para o cenário 'Adicionar múltiplos produtos ao carrinho' gerado com sucesso: target/evidence/Adicionar_m_ltiplos_produtos_ao_carrinho_2025-05-14_16-57-05.pdf
[main] INFO com.swaglab.mobile.automation.core.DriverManager - Driver finalizado com sucesso!
[main] INFO com.swaglab.mobile.automation.listeners.ReportGenerationListener - Cenário finalizado: Adicionar múltiplos produtos ao carrinho. Status: PASSED
]]></system-err>
  </testcase>
  <testcase name="Checkout simples com dados válidos" classname="Processo de checkout do SwagLabs Mobile" time="0.0">
    <skipped message="&apos;cucumber.filter.tags=@Carrinho&apos; did not match this scenario"/>
  </testcase>
  <testcase name="Example #1.1" classname="Exemplos" time="0.0">
    <skipped message="&apos;cucumber.filter.tags=@Carrinho&apos; did not match this scenario"/>
  </testcase>
  <testcase name="Example #1.1" classname="Exemplos" time="0.0">
    <skipped message="&apos;cucumber.filter.tags=@Carrinho&apos; did not match this scenario"/>
  </testcase>
  <testcase name="Example #1.1" classname="Exemplos" time="0.0">
    <skipped message="&apos;cucumber.filter.tags=@Carrinho&apos; did not match this scenario"/>
  </testcase>
  <testcase name="Example #1.2" classname="Exemplos" time="0.0">
    <skipped message="&apos;cucumber.filter.tags=@Carrinho&apos; did not match this scenario"/>
  </testcase>
  <testcase name="Example #1.2" classname="Exemplos" time="0.0">
    <skipped message="&apos;cucumber.filter.tags=@Carrinho&apos; did not match this scenario"/>
  </testcase>
  <testcase name="Example #1.2" classname="Exemplos" time="0.0">
    <skipped message="&apos;cucumber.filter.tags=@Carrinho&apos; did not match this scenario"/>
  </testcase>
  <testcase name="Example #1.3" classname="Exemplos" time="0.0">
    <skipped message="&apos;cucumber.filter.tags=@Carrinho&apos; did not match this scenario"/>
  </testcase>
  <testcase name="Example #1.3" classname="Exemplos" time="0.0">
    <skipped message="&apos;cucumber.filter.tags=@Carrinho&apos; did not match this scenario"/>
  </testcase>
  <testcase name="Example #1.4" classname="Exemplos" time="0.0">
    <skipped message="&apos;cucumber.filter.tags=@Carrinho&apos; did not match this scenario"/>
  </testcase>
  <testcase name="Example #1.5" classname="Exemplos" time="0.0">
    <skipped message="&apos;cucumber.filter.tags=@Carrinho&apos; did not match this scenario"/>
  </testcase>
  <testcase name="Verificar campo de usuário obrigatório" classname="Login no aplicativo SwagLabs Mobile" time="0.0">
    <skipped message="&apos;cucumber.filter.tags=@Carrinho&apos; did not match this scenario"/>
  </testcase>
  <testcase name="Verificar campo de senha obrigatório" classname="Login no aplicativo SwagLabs Mobile" time="0.0">
    <skipped message="&apos;cucumber.filter.tags=@Carrinho&apos; did not match this scenario"/>
  </testcase>
  <testcase name="Realizar logout após login bem-sucedido" classname="Login no aplicativo SwagLabs Mobile" time="0.0">
    <skipped message="&apos;cucumber.filter.tags=@Carrinho&apos; did not match this scenario"/>
  </testcase>
</testsuite>